<?xml version="1.0" encoding="UTF-8"?>
<testng-results skipped="0" failed="0" ignored="0" total="0" passed="0">
  <reporter-output>
  </reporter-output>
  <suite name="Command line suite" duration-ms="12" started-at="2020-03-18T00:51:40 GMT-05:00" finished-at="2020-03-18T00:51:40 GMT-05:00">
    <groups>
    </groups>
    <test name="Command line test" duration-ms="12" started-at="2020-03-18T00:51:40 GMT-05:00" finished-at="2020-03-18T00:51:40 GMT-05:00">
    </test> <!-- Command line test -->
  </suite> <!-- Command line suite -->
</testng-results>
